<?xml version="1.0" encoding="UTF-8"?>
<testsuite xmlns:xsi="http://www.w3.org/2001/XMLSchema-instance" xsi:noNamespaceSchemaLocation="https://maven.apache.org/surefire/maven-surefire-plugin/xsd/surefire-test-report-3.0.xsd" version="3.0" name="TestSuite" time="25.762" tests="1" errors="0" skipped="0" failures="1">
  <properties>
[...]
</properties>
  <testcase name="accountLogin" classname="com.momstore.UserAccounts" time="4.015">
    <failure message="expected [SignIn] but found [Sign In with Email]" type="java.lang.AssertionError">java.lang.AssertionError: expected [SignIn] but found [Sign In with Email]
	at com.momstore.UserAccounts.accountLogin(UserAccounts.java:108)
</failure>
    <system-err><![CDATA[ERROR StatusLogger File not found in file system or classpath: /src/test/Resources/log4j2.xml
ERROR StatusLogger Reconfiguration failed: No configuration found for '5bc2b487' at 'null' in 'null'
[main] INFO io.github.bonigarcia.wdm.WebDriverManager - Using chromedriver 92.0.4515.107 (since Google Chrome 92 is installed in your machine)
[main] INFO io.github.bonigarcia.wdm.WebDriverManager - Exporting webdriver.chrome.driver as /home/codilar/.m2/repository/webdriver/chromedriver/linux64/92.0.4515.107/chromedriver
Starting ChromeDriver 92.0.4515.107 (87a818b10553a07434ea9e2b6dccf3cbe7895134-refs/branch-heads/4515@{#1634}) on port 29938
Only local connections are allowed.
Please see https://chromedriver.chromium.org/security-considerations for suggestions on keeping ChromeDriver safe.
ChromeDriver was started successfully.
Aug 21, 2021 7:18:09 PM org.openqa.selenium.remote.ProtocolHandshake createSession
INFO: Detected dialect: W3C
]]></system-err>
  </testcase>
</testsuite>